0 info it worked if it ends with ok
1 verbose cli [ '/usr/bin/nodejs', '/usr/local/bin/npm', 'publish' ]
2 info using npm@2.13.2
3 info using node@v4.2.2
4 verbose publish [ '.' ]
5 silly cache add args [ '.', null ]
6 verbose cache add spec .
7 silly cache add parsed spec Result {
7 silly cache add   raw: '.',
7 silly cache add   scope: null,
7 silly cache add   name: null,
7 silly cache add   rawSpec: '.',
7 silly cache add   spec: '/home/past9/Code/internal-map',
7 silly cache add   type: 'directory' }
8 verbose addLocalDirectory /home/past9/.npm/internal-map/0.1.0/package.tgz not in flight; packing
9 verbose tar pack [ '/home/past9/.npm/internal-map/0.1.0/package.tgz',
9 verbose tar pack   '/home/past9/Code/internal-map' ]
10 verbose tarball /home/past9/.npm/internal-map/0.1.0/package.tgz
11 verbose folder /home/past9/Code/internal-map
12 info prepublish internal-map@0.1.0
13 verbose addLocalTarball adding from inside cache /home/past9/.npm/internal-map/0.1.0/package.tgz
14 silly cache afterAdd internal-map@0.1.0
15 verbose afterAdd /home/past9/.npm/internal-map/0.1.0/package/package.json not in flight; writing
16 verbose afterAdd /home/past9/.npm/internal-map/0.1.0/package/package.json written
17 silly publish { name: 'internal-map',
17 silly publish   version: '0.1.0',
17 silly publish   description: 'A simple helper for simulating private class members in ES6',
17 silly publish   author: { name: 'Ross Tollefson', email: 'psat9sys@gmail.com' },
17 silly publish   license: 'MIT',
17 silly publish   main: 'internalMap.js',
17 silly publish   repository:
17 silly publish    { type: 'git',
17 silly publish      url: 'git+https://github.com/Past9/internal-map.git' },
17 silly publish   bugs: { url: 'https://github.com/Past9/internal-map/issues' },
17 silly publish   keywords: [ 'es6', 'class', 'private' ],
17 silly publish   readme: '#internal-map\n\n\nES6 currently has no built-in way to create private class members. One way to simulate them is to use a ```WeakMap```. ```internal-map``` does this for you. Use it like so:\n\n\n```javascript\n// ES6 class module\n"use strict";\n\nlet internal = require("internal-map")();\n\nclass MyClass {\n\n    constructor(privateData) {\n        internal(this).privateData = privateData;\n    }\n\n    printPrivateData() {\n        console.log("Private data:", internal(this).privateData);\n    }\n\n}\n\n\nvar myInstance = new MyClass("Can\'t touch this!");\n\nmyInstance.printPrivateData();  // Prints "Private data: Can\'t touch this!"\n\nconsole.log(typeof myInstance.privateData === "undefined");  // Prints "true"\n\n```\n',
17 silly publish   readmeFilename: 'readme.md',
17 silly publish   gitHead: '4c3e28de325971edcd9ce5e43dd94314f000fb1b',
17 silly publish   homepage: 'https://github.com/Past9/internal-map#readme',
17 silly publish   _id: 'internal-map@0.1.0',
17 silly publish   scripts: {},
17 silly publish   _shasum: '5d527b4cfad431726fcf9c4dbbfde2362d47f16e',
17 silly publish   _from: '.' }
18 verbose getPublishConfig undefined
19 silly mapToRegistry name internal-map
20 silly mapToRegistry using default registry
21 silly mapToRegistry registry https://registry.npmjs.org/
22 silly mapToRegistry uri https://registry.npmjs.org/internal-map
23 verbose publish registryBase https://registry.npmjs.org/
24 silly publish uploading /home/past9/.npm/internal-map/0.1.0/package.tgz
25 verbose request uri https://registry.npmjs.org/internal-map
26 verbose request sending authorization for write operation
27 info attempt registry request try #1 at 10:03:29 PM
28 verbose request using bearer token for auth
29 verbose request id 4086a72d1129d613
30 http request PUT https://registry.npmjs.org/internal-map
31 http 403 https://registry.npmjs.org/internal-map
32 verbose headers { 'content-type': 'application/json',
32 verbose headers   'cache-control': 'max-age=60',
32 verbose headers   'content-length': '95',
32 verbose headers   'accept-ranges': 'bytes',
32 verbose headers   date: 'Mon, 16 Nov 2015 05:03:21 GMT',
32 verbose headers   via: '1.1 varnish',
32 verbose headers   connection: 'keep-alive',
32 verbose headers   'x-served-by': 'cache-dfw1832-DFW',
32 verbose headers   'x-cache': 'MISS',
32 verbose headers   'x-cache-hits': '0',
32 verbose headers   'x-timer': 'S1447650201.131749,VS0,VE775' }
33 verbose request invalidating /home/past9/.npm/registry.npmjs.org/internal-map on PUT
34 error publish Failed PUT 403
35 verbose stack Error: "You cannot publish over the previously published version 0.1.0." : internal-map
35 verbose stack     at CachingRegistryClient.<anonymous> (/usr/local/lib/node_modules/npm/node_modules/npm-registry-client/lib/request.js:247:14)
35 verbose stack     at Request._callback (/usr/local/lib/node_modules/npm/node_modules/npm-registry-client/lib/request.js:170:14)
35 verbose stack     at Request.self.callback (/usr/local/lib/node_modules/npm/node_modules/request/request.js:197:22)
35 verbose stack     at emitTwo (events.js:87:13)
35 verbose stack     at Request.emit (events.js:172:7)
35 verbose stack     at Request.<anonymous> (/usr/local/lib/node_modules/npm/node_modules/request/request.js:1050:14)
35 verbose stack     at emitOne (events.js:82:20)
35 verbose stack     at Request.emit (events.js:169:7)
35 verbose stack     at IncomingMessage.<anonymous> (/usr/local/lib/node_modules/npm/node_modules/request/request.js:996:12)
35 verbose stack     at emitNone (events.js:72:20)
36 verbose statusCode 403
37 verbose pkgid internal-map
38 verbose cwd /home/past9/Code/internal-map
39 error Linux 3.16.0-53-generic
40 error argv "/usr/bin/nodejs" "/usr/local/bin/npm" "publish"
41 error node v4.2.2
42 error npm  v2.13.2
43 error code E403
44 error "You cannot publish over the previously published version 0.1.0." : internal-map
45 error If you need help, you may report this error at:
45 error     <https://github.com/npm/npm/issues>
46 verbose exit [ 1, true ]
